C:\Users\IzyD\Desktop\Net Fullstack\TypeScript\Isabelle Dikovsky\Isabelle Dikovsky\app.js
C:\Users\IzyD\Desktop\Net Fullstack\TypeScript\Isabelle Dikovsky\Isabelle Dikovsky\app.js.map
C:\Users\IzyD\Desktop\Net Fullstack\TypeScript Project\Isabelle Dikovsky\Isabelle Dikovsky\app.js
C:\Users\IzyD\Desktop\Net Fullstack\TypeScript Project\Isabelle Dikovsky\Isabelle Dikovsky\app.js.map
C:\Users\IzyD\Desktop\Net Fullstack\TypeScript Project\Isabelle Dikovsky\Isabelle Dikovsky\app.js
C:\Users\IzyD\Desktop\Net Fullstack\TypeScript Project\Isabelle Dikovsky\Isabelle Dikovsky\app.js.map
C:\Users\IzyD\Desktop\Net Fullstack\TypeScript Project\Isabelle Dikovsky\Isabelle Dikovsky\app.js
C:\Users\IzyD\Desktop\Net Fullstack\TypeScript Project\Isabelle Dikovsky\Isabelle Dikovsky\app.js.map
C:\Users\IzyD\Desktop\Net Fullstack\TypeScript Project\Isabelle Dikovsky\Isabelle Dikovsky\app.js
C:\Users\IzyD\Desktop\Net Fullstack\TypeScript Project\Isabelle Dikovsky\Isabelle Dikovsky\app.js.map
C:\Users\IzyD\Desktop\Net Fullstack\TypeScript Project\Isabelle Dikovsky\Isabelle Dikovsky\app.js
C:\Users\IzyD\Desktop\Net Fullstack\TypeScript Project\Isabelle Dikovsky\Isabelle Dikovsky\app.js.map
C:\Users\IzyD\Desktop\Net Fullstack\TypeScript Project\Isabelle Dikovsky\Isabelle Dikovsky\app.js
C:\Users\IzyD\Desktop\Net Fullstack\TypeScript Project\Isabelle Dikovsky\Isabelle Dikovsky\app.js.map
C:\Users\IzyD\Desktop\Net Fullstack\TypeScript Project\Isabelle Dikovsky\Isabelle Dikovsky\app.js
C:\Users\IzyD\Desktop\Net Fullstack\TypeScript Project\Isabelle Dikovsky\Isabelle Dikovsky\app.js.map
C:\Users\IzyD\Desktop\Net Fullstack\TypeScript Project\Isabelle Dikovsky\Isabelle Dikovsky\app.js
C:\Users\IzyD\Desktop\Net Fullstack\TypeScript Project\Isabelle Dikovsky\Isabelle Dikovsky\app.js.map
C:\Users\IzyD\Desktop\Net Fullstack\TypeScript Project\Isabelle Dikovsky\Isabelle Dikovsky\app.js
C:\Users\IzyD\Desktop\Net Fullstack\TypeScript Project\Isabelle Dikovsky\Isabelle Dikovsky\app.js.map
C:\Users\IzyD\Desktop\Net Fullstack\TypeScript Project\Isabelle Dikovsky\Isabelle Dikovsky\app.js
C:\Users\IzyD\Desktop\Net Fullstack\TypeScript Project\Isabelle Dikovsky\Isabelle Dikovsky\app.js.map
C:\Users\IzyD\Desktop\Net Fullstack\TypeScript Project\Isabelle Dikovsky\Isabelle Dikovsky\app.js
C:\Users\IzyD\Desktop\Net Fullstack\TypeScript Project\Isabelle Dikovsky\Isabelle Dikovsky\app.js.map
C:\Users\IzyD\Desktop\Net Fullstack\TypeScript Project\Isabelle Dikovsky\Isabelle Dikovsky\app.js
C:\Users\IzyD\Desktop\Net Fullstack\TypeScript Project\Isabelle Dikovsky\Isabelle Dikovsky\app.js.map
C:\Users\IzyD\Desktop\Net Fullstack\TypeScript Project\Isabelle Dikovsky\Isabelle Dikovsky\app.js
C:\Users\IzyD\Desktop\Net Fullstack\TypeScript Project\Isabelle Dikovsky\Isabelle Dikovsky\app.js.map
C:\Users\IzyD\Desktop\Net Fullstack\TypeScript Project\Isabelle Dikovsky\Isabelle Dikovsky\app.js
C:\Users\IzyD\Desktop\Net Fullstack\TypeScript Project\Isabelle Dikovsky\Isabelle Dikovsky\app.js.map
C:\Users\IzyD\Desktop\Net Fullstack\TypeScript Project\Isabelle Dikovsky\Isabelle Dikovsky\app.js
C:\Users\IzyD\Desktop\Net Fullstack\TypeScript Project\Isabelle Dikovsky\Isabelle Dikovsky\app.js.map
C:\Users\IzyD\Desktop\Net Fullstack\TypeScript Project\Isabelle Dikovsky\Isabelle Dikovsky\app.js
C:\Users\IzyD\Desktop\Net Fullstack\TypeScript Project\Isabelle Dikovsky\Isabelle Dikovsky\app.js.map
C:\Users\IzyD\Desktop\Net Fullstack\TypeScript Project\Isabelle Dikovsky\Isabelle Dikovsky\app.js
C:\Users\IzyD\Desktop\Net Fullstack\TypeScript Project\Isabelle Dikovsky\Isabelle Dikovsky\app.js.map
C:\Users\IzyD\Desktop\Net Fullstack\TypeScript Project\Isabelle Dikovsky\Isabelle Dikovsky\app.js
C:\Users\IzyD\Desktop\Net Fullstack\TypeScript Project\Isabelle Dikovsky\Isabelle Dikovsky\app.js.map
C:\Users\IzyD\Desktop\Net Fullstack\TypeScript Project\Isabelle Dikovsky\Isabelle Dikovsky\app.js
C:\Users\IzyD\Desktop\Net Fullstack\TypeScript Project\Isabelle Dikovsky\Isabelle Dikovsky\app.js.map
C:\Users\IzyD\Desktop\Net Fullstack\TypeScript Project\Isabelle Dikovsky\Isabelle Dikovsky\app.js
C:\Users\IzyD\Desktop\Net Fullstack\TypeScript Project\Isabelle Dikovsky\Isabelle Dikovsky\app.js.map
C:\Users\IzyD\Desktop\Net Fullstack\TypeScript Project\Isabelle Dikovsky\Isabelle Dikovsky\app.js
C:\Users\IzyD\Desktop\Net Fullstack\TypeScript Project\Isabelle Dikovsky\Isabelle Dikovsky\app.js.map
C:\Users\IzyD\Desktop\Net Fullstack\TypeScript Project\Isabelle Dikovsky\Isabelle Dikovsky\app.js
C:\Users\IzyD\Desktop\Net Fullstack\TypeScript Project\Isabelle Dikovsky\Isabelle Dikovsky\app.js.map
C:\Users\IzyD\Desktop\Net Fullstack\TypeScript Project\Isabelle Dikovsky\Isabelle Dikovsky\app.js
C:\Users\IzyD\Desktop\Net Fullstack\TypeScript Project\Isabelle Dikovsky\Isabelle Dikovsky\app.js.map
C:\Users\IzyD\Desktop\Net Fullstack\TypeScript Project\Isabelle Dikovsky\Isabelle Dikovsky\app.js
C:\Users\IzyD\Desktop\Net Fullstack\TypeScript Project\Isabelle Dikovsky\Isabelle Dikovsky\app.js.map
C:\Users\IzyD\Desktop\Net Fullstack\TypeScript Project\Isabelle Dikovsky\Isabelle Dikovsky\app.js
C:\Users\IzyD\Desktop\Net Fullstack\TypeScript Project\Isabelle Dikovsky\Isabelle Dikovsky\app.js.map
C:\Users\IzyD\Desktop\Net Fullstack\TypeScript Project\Isabelle Dikovsky\Isabelle Dikovsky\app.js
C:\Users\IzyD\Desktop\Net Fullstack\TypeScript Project\Isabelle Dikovsky\Isabelle Dikovsky\app.js.map
C:\Users\IzyD\Desktop\Net Fullstack\TypeScript Project\Isabelle Dikovsky\Isabelle Dikovsky\app.js
C:\Users\IzyD\Desktop\Net Fullstack\TypeScript Project\Isabelle Dikovsky\Isabelle Dikovsky\app.js.map
C:\Users\IzyD\Desktop\Net Fullstack\TypeScript Project\Isabelle Dikovsky\Isabelle Dikovsky\app.js
C:\Users\IzyD\Desktop\Net Fullstack\TypeScript Project\Isabelle Dikovsky\Isabelle Dikovsky\app.js.map
C:\Users\IzyD\Desktop\Net Fullstack\TypeScript Project\Isabelle Dikovsky\Isabelle Dikovsky\app.js
C:\Users\IzyD\Desktop\Net Fullstack\TypeScript Project\Isabelle Dikovsky\Isabelle Dikovsky\app.js.map
C:\Users\IzyD\Desktop\Net Fullstack\TypeScript Project\Isabelle Dikovsky\Isabelle Dikovsky\app.js
C:\Users\IzyD\Desktop\Net Fullstack\TypeScript Project\Isabelle Dikovsky\Isabelle Dikovsky\app.js.map
C:\Users\IzyD\Desktop\Net Fullstack\TypeScript Project\Isabelle Dikovsky\Isabelle Dikovsky\app.js
C:\Users\IzyD\Desktop\Net Fullstack\TypeScript Project\Isabelle Dikovsky\Isabelle Dikovsky\app.js.map
C:\Users\IzyD\Desktop\Net Fullstack\TypeScript Project\Isabelle Dikovsky\Isabelle Dikovsky\app.js
C:\Users\IzyD\Desktop\Net Fullstack\TypeScript Project\Isabelle Dikovsky\Isabelle Dikovsky\app.js.map
C:\Users\IzyD\Desktop\Net Fullstack\TypeScript Project\Isabelle Dikovsky\Isabelle Dikovsky\app.js
C:\Users\IzyD\Desktop\Net Fullstack\TypeScript Project\Isabelle Dikovsky\Isabelle Dikovsky\app.js.map
C:\Users\IzyD\Desktop\Net Fullstack\TypeScript Project\Isabelle Dikovsky\Isabelle Dikovsky\app.js
C:\Users\IzyD\Desktop\Net Fullstack\TypeScript Project\Isabelle Dikovsky\Isabelle Dikovsky\app.js.map
C:\Users\IzyD\Desktop\Net Fullstack\TypeScript Project\Isabelle Dikovsky\Isabelle Dikovsky\app.js
C:\Users\IzyD\Desktop\Net Fullstack\TypeScript Project\Isabelle Dikovsky\Isabelle Dikovsky\app.js.map
C:\Users\IzyD\Desktop\Net Fullstack\TypeScript Project\Isabelle Dikovsky\Isabelle Dikovsky\app.js
C:\Users\IzyD\Desktop\Net Fullstack\TypeScript Project\Isabelle Dikovsky\Isabelle Dikovsky\app.js.map
C:\Users\IzyD\Desktop\Net Fullstack\TypeScript Project\Isabelle Dikovsky\Isabelle Dikovsky\app.js
C:\Users\IzyD\Desktop\Net Fullstack\TypeScript Project\Isabelle Dikovsky\Isabelle Dikovsky\app.js.map
C:\Users\IzyD\Desktop\Net Fullstack\TypeScript Project\Isabelle Dikovsky\Isabelle Dikovsky\app.js
C:\Users\IzyD\Desktop\Net Fullstack\TypeScript Project\Isabelle Dikovsky\Isabelle Dikovsky\app.js.map
C:\Users\IzyD\Desktop\Net Fullstack\TypeScript Project\Isabelle Dikovsky\Isabelle Dikovsky\app.js
C:\Users\IzyD\Desktop\Net Fullstack\TypeScript Project\Isabelle Dikovsky\Isabelle Dikovsky\app.js.map
C:\Users\IzyD\Desktop\Net Fullstack\TypeScript Project\Isabelle Dikovsky\Isabelle Dikovsky\app.js
C:\Users\IzyD\Desktop\Net Fullstack\TypeScript Project\Isabelle Dikovsky\Isabelle Dikovsky\app.js.map
C:\Users\IzyD\Desktop\Net Fullstack\TypeScript Project\Isabelle Dikovsky\Isabelle Dikovsky\app.js
C:\Users\IzyD\Desktop\Net Fullstack\TypeScript Project\Isabelle Dikovsky\Isabelle Dikovsky\app.js.map
C:\Users\IzyD\Desktop\Net Fullstack\TypeScript Project\Isabelle Dikovsky\Isabelle Dikovsky\app.js
C:\Users\IzyD\Desktop\Net Fullstack\TypeScript Project\Isabelle Dikovsky\Isabelle Dikovsky\app.js.map
C:\Users\IzyD\Desktop\Net Fullstack\TypeScript Project\Isabelle Dikovsky\Isabelle Dikovsky\app.js
C:\Users\IzyD\Desktop\Net Fullstack\TypeScript Project\Isabelle Dikovsky\Isabelle Dikovsky\app.js.map
C:\Users\IzyD\Desktop\Net Fullstack\TypeScript Project\Isabelle Dikovsky\Isabelle Dikovsky\app.js
C:\Users\IzyD\Desktop\Net Fullstack\TypeScript Project\Isabelle Dikovsky\Isabelle Dikovsky\app.js.map
C:\Users\IzyD\Desktop\Net Fullstack\TypeScript Project\Isabelle Dikovsky\Isabelle Dikovsky\app.js
C:\Users\IzyD\Desktop\Net Fullstack\TypeScript Project\Isabelle Dikovsky\Isabelle Dikovsky\app.js.map
C:\Users\IzyD\Desktop\Net Fullstack\TypeScript Project\Isabelle Dikovsky\Isabelle Dikovsky\app.js
C:\Users\IzyD\Desktop\Net Fullstack\TypeScript Project\Isabelle Dikovsky\Isabelle Dikovsky\app.js.map
C:\Users\IzyD\Desktop\Net Fullstack\TypeScript Project\Isabelle Dikovsky\Isabelle Dikovsky\app.js
C:\Users\IzyD\Desktop\Net Fullstack\TypeScript Project\Isabelle Dikovsky\Isabelle Dikovsky\app.js.map
C:\Users\IzyD\Desktop\Net Fullstack\TypeScript Project\Isabelle Dikovsky\Isabelle Dikovsky\app.js
C:\Users\IzyD\Desktop\Net Fullstack\TypeScript Project\Isabelle Dikovsky\Isabelle Dikovsky\app.js.map
C:\Users\IzyD\Desktop\Net Fullstack\TypeScript Project\Isabelle Dikovsky\Isabelle Dikovsky\app.js
C:\Users\IzyD\Desktop\Net Fullstack\TypeScript Project\Isabelle Dikovsky\Isabelle Dikovsky\app.js.map
C:\Users\IzyD\Desktop\Net Fullstack\TypeScript Project\Isabelle Dikovsky\Isabelle Dikovsky\app.js
C:\Users\IzyD\Desktop\Net Fullstack\TypeScript Project\Isabelle Dikovsky\Isabelle Dikovsky\app.js.map
C:\Users\IzyD\Desktop\Net Fullstack\TypeScript Project\Isabelle Dikovsky\Isabelle Dikovsky\app.js
C:\Users\IzyD\Desktop\Net Fullstack\TypeScript Project\Isabelle Dikovsky\Isabelle Dikovsky\app.js.map
C:\Users\IzyD\Desktop\Net Fullstack\TypeScript Project\Isabelle Dikovsky\Isabelle Dikovsky\app.js
C:\Users\IzyD\Desktop\Net Fullstack\TypeScript Project\Isabelle Dikovsky\Isabelle Dikovsky\app.js.map
C:\Users\IzyD\Desktop\Net Fullstack\TypeScript Project\Isabelle Dikovsky\Isabelle Dikovsky\app.js
C:\Users\IzyD\Desktop\Net Fullstack\TypeScript Project\Isabelle Dikovsky\Isabelle Dikovsky\app.js.map
C:\Users\IzyD\Desktop\Net Fullstack\TypeScript Project\Isabelle Dikovsky\Isabelle Dikovsky\app.js
C:\Users\IzyD\Desktop\Net Fullstack\TypeScript Project\Isabelle Dikovsky\Isabelle Dikovsky\app.js.map
C:\Users\IzyD\Desktop\Net Fullstack\TypeScript Project\Isabelle Dikovsky\Isabelle Dikovsky\app.js
C:\Users\IzyD\Desktop\Net Fullstack\TypeScript Project\Isabelle Dikovsky\Isabelle Dikovsky\app.js.map
C:\Users\IzyD\Desktop\Net Fullstack\TypeScript Project\Isabelle Dikovsky\Isabelle Dikovsky\app.js
C:\Users\IzyD\Desktop\Net Fullstack\TypeScript Project\Isabelle Dikovsky\Isabelle Dikovsky\app.js.map
C:\Users\IzyD\Desktop\Net Fullstack\TypeScript Project\Isabelle Dikovsky\Isabelle Dikovsky\app.js
C:\Users\IzyD\Desktop\Net Fullstack\TypeScript Project\Isabelle Dikovsky\Isabelle Dikovsky\app.js.map
C:\Users\IzyD\Desktop\Net Fullstack\TypeScript Project\Isabelle Dikovsky\Isabelle Dikovsky\app.js
C:\Users\IzyD\Desktop\Net Fullstack\TypeScript Project\Isabelle Dikovsky\Isabelle Dikovsky\app.js.map
C:\Users\IzyD\Desktop\Net Fullstack\TypeScript Project\Isabelle Dikovsky\Isabelle Dikovsky\app.js
C:\Users\IzyD\Desktop\Net Fullstack\TypeScript Project\Isabelle Dikovsky\Isabelle Dikovsky\app.js.map
C:\Users\IzyD\Desktop\Net Fullstack\TypeScript Project\Isabelle Dikovsky\Isabelle Dikovsky\app.js
C:\Users\IzyD\Desktop\Net Fullstack\TypeScript Project\Isabelle Dikovsky\Isabelle Dikovsky\app.js.map
C:\Users\IzyD\Desktop\Net Fullstack\TypeScript Project\Isabelle Dikovsky\Isabelle Dikovsky\app.js
C:\Users\IzyD\Desktop\Net Fullstack\TypeScript Project\Isabelle Dikovsky\Isabelle Dikovsky\app.js.map
C:\Users\IzyD\Desktop\Net Fullstack\TypeScript Project\Isabelle Dikovsky\Isabelle Dikovsky\app.js
C:\Users\IzyD\Desktop\Net Fullstack\TypeScript Project\Isabelle Dikovsky\Isabelle Dikovsky\app.js.map
C:\Users\IzyD\Desktop\Net Fullstack\TypeScript Project\Isabelle Dikovsky\Isabelle Dikovsky\app.js
C:\Users\IzyD\Desktop\Net Fullstack\TypeScript Project\Isabelle Dikovsky\Isabelle Dikovsky\app.js.map
C:\Users\IzyD\Desktop\Net Fullstack\TypeScript Project\Isabelle Dikovsky\Isabelle Dikovsky\app.js
C:\Users\IzyD\Desktop\Net Fullstack\TypeScript Project\Isabelle Dikovsky\Isabelle Dikovsky\app.js.map
C:\Users\IzyD\Desktop\Net Fullstack\TypeScript Project\Isabelle Dikovsky\Isabelle Dikovsky\app.js
C:\Users\IzyD\Desktop\Net Fullstack\TypeScript Project\Isabelle Dikovsky\Isabelle Dikovsky\app.js.map
C:\Users\IzyD\Desktop\Net Fullstack\TypeScript Project\Isabelle Dikovsky\Isabelle Dikovsky\app.js
C:\Users\IzyD\Desktop\Net Fullstack\TypeScript Project\Isabelle Dikovsky\Isabelle Dikovsky\app.js.map
C:\Users\IzyD\Desktop\Net Fullstack\TypeScript Project\Isabelle Dikovsky\Isabelle Dikovsky\app.js
C:\Users\IzyD\Desktop\Net Fullstack\TypeScript Project\Isabelle Dikovsky\Isabelle Dikovsky\app.js.map
C:\Users\IzyD\Desktop\Net Fullstack\TypeScript Project\Isabelle Dikovsky\Isabelle Dikovsky\app.js
C:\Users\IzyD\Desktop\Net Fullstack\TypeScript Project\Isabelle Dikovsky\Isabelle Dikovsky\app.js.map
C:\Users\IzyD\Desktop\Net Fullstack\TypeScript Project\Isabelle Dikovsky\Isabelle Dikovsky\app.js
C:\Users\IzyD\Desktop\Net Fullstack\TypeScript Project\Isabelle Dikovsky\Isabelle Dikovsky\app.js.map
C:\Users\IzyD\Desktop\Net Fullstack\TypeScript Project\Isabelle Dikovsky\Isabelle Dikovsky\app.js
C:\Users\IzyD\Desktop\Net Fullstack\TypeScript Project\Isabelle Dikovsky\Isabelle Dikovsky\app.js.map
C:\Users\IzyD\Desktop\Net Fullstack\TypeScript Project\Isabelle Dikovsky\Isabelle Dikovsky\app.js
C:\Users\IzyD\Desktop\Net Fullstack\TypeScript Project\Isabelle Dikovsky\Isabelle Dikovsky\app.js.map
C:\Users\IzyD\Desktop\Net Fullstack\TypeScript Project\Isabelle Dikovsky\Isabelle Dikovsky\app.js
C:\Users\IzyD\Desktop\Net Fullstack\TypeScript Project\Isabelle Dikovsky\Isabelle Dikovsky\app.js.map
C:\Users\IzyD\Desktop\Net Fullstack\TypeScript Project\Isabelle Dikovsky\Isabelle Dikovsky\app.js
C:\Users\IzyD\Desktop\Net Fullstack\TypeScript Project\Isabelle Dikovsky\Isabelle Dikovsky\app.js.map
C:\Users\IzyD\Desktop\Net Fullstack\TypeScript Project\Isabelle Dikovsky\Isabelle Dikovsky\app.js
C:\Users\IzyD\Desktop\Net Fullstack\TypeScript Project\Isabelle Dikovsky\Isabelle Dikovsky\app.js.map
C:\Users\IzyD\Desktop\Net Fullstack\TypeScript Project\Isabelle Dikovsky\Isabelle Dikovsky\app.js
C:\Users\IzyD\Desktop\Net Fullstack\TypeScript Project\Isabelle Dikovsky\Isabelle Dikovsky\app.js.map
C:\Users\IzyD\Desktop\Net Fullstack\TypeScript Project\Isabelle Dikovsky\Isabelle Dikovsky\app.js
C:\Users\IzyD\Desktop\Net Fullstack\TypeScript Project\Isabelle Dikovsky\Isabelle Dikovsky\app.js.map
C:\Users\IzyD\Desktop\Net Fullstack\TypeScript Project\Isabelle Dikovsky\Isabelle Dikovsky\app.js
C:\Users\IzyD\Desktop\Net Fullstack\TypeScript Project\Isabelle Dikovsky\Isabelle Dikovsky\app.js.map
C:\Users\IzyD\Desktop\Net Fullstack\TypeScript Project\Isabelle Dikovsky\Isabelle Dikovsky\app.js
C:\Users\IzyD\Desktop\Net Fullstack\TypeScript Project\Isabelle Dikovsky\Isabelle Dikovsky\app.js.map
C:\Users\IzyD\Desktop\Net Fullstack\TypeScript Project\Isabelle Dikovsky\Isabelle Dikovsky\app.js
C:\Users\IzyD\Desktop\Net Fullstack\TypeScript Project\Isabelle Dikovsky\Isabelle Dikovsky\app.js.map
C:\Users\IzyD\Desktop\Net Fullstack\TypeScript Project\Isabelle Dikovsky\Isabelle Dikovsky\app.js
C:\Users\IzyD\Desktop\Net Fullstack\TypeScript Project\Isabelle Dikovsky\Isabelle Dikovsky\app.js.map
C:\Users\IzyD\Desktop\Net Fullstack\TypeScript Project\Isabelle Dikovsky\Isabelle Dikovsky\app.js
C:\Users\IzyD\Desktop\Net Fullstack\TypeScript Project\Isabelle Dikovsky\Isabelle Dikovsky\app.js.map
C:\Users\IzyD\Desktop\Net Fullstack\TypeScript Project\Isabelle Dikovsky\Isabelle Dikovsky\app.js
C:\Users\IzyD\Desktop\Net Fullstack\TypeScript Project\Isabelle Dikovsky\Isabelle Dikovsky\app.js.map
C:\Users\IzyD\Desktop\Net Fullstack\TypeScript Project\Isabelle Dikovsky\Isabelle Dikovsky\app.js
C:\Users\IzyD\Desktop\Net Fullstack\TypeScript Project\Isabelle Dikovsky\Isabelle Dikovsky\app.js.map
C:\Users\IzyD\Desktop\Net Fullstack\TypeScript Project\Isabelle Dikovsky\Isabelle Dikovsky\app.js
C:\Users\IzyD\Desktop\Net Fullstack\TypeScript Project\Isabelle Dikovsky\Isabelle Dikovsky\app.js.map
C:\Users\IzyD\Desktop\Net Fullstack\TypeScript Project\Isabelle Dikovsky\Isabelle Dikovsky\app.js
C:\Users\IzyD\Desktop\Net Fullstack\TypeScript Project\Isabelle Dikovsky\Isabelle Dikovsky\app.js.map
C:\Users\IzyD\Desktop\Net Fullstack\TypeScript Project\Isabelle Dikovsky\Isabelle Dikovsky\app.js
C:\Users\IzyD\Desktop\Net Fullstack\TypeScript Project\Isabelle Dikovsky\Isabelle Dikovsky\app.js.map
C:\Users\IzyD\Desktop\Net Fullstack\TypeScript Project\Isabelle Dikovsky\Isabelle Dikovsky\app.js
C:\Users\IzyD\Desktop\Net Fullstack\TypeScript Project\Isabelle Dikovsky\Isabelle Dikovsky\app.js.map
C:\Users\IzyD\Desktop\Net Fullstack\TypeScript Project\Isabelle Dikovsky\Isabelle Dikovsky\app.js
C:\Users\IzyD\Desktop\Net Fullstack\TypeScript Project\Isabelle Dikovsky\Isabelle Dikovsky\app.js.map
C:\Users\IzyD\Desktop\Net Fullstack\TypeScript Project\Isabelle Dikovsky\Isabelle Dikovsky\app.js
C:\Users\IzyD\Desktop\Net Fullstack\TypeScript Project\Isabelle Dikovsky\Isabelle Dikovsky\app.js.map
C:\Users\IzyD\Desktop\Net Fullstack\TypeScript Project\Isabelle Dikovsky\Isabelle Dikovsky\app.js
C:\Users\IzyD\Desktop\Net Fullstack\TypeScript Project\Isabelle Dikovsky\Isabelle Dikovsky\app.js.map
C:\Users\IzyD\Desktop\Net Fullstack\TypeScript Project\Isabelle Dikovsky\Isabelle Dikovsky\app.js
C:\Users\IzyD\Desktop\Net Fullstack\TypeScript Project\Isabelle Dikovsky\Isabelle Dikovsky\app.js.map
C:\Users\IzyD\Desktop\Net Fullstack\TypeScript Project\Isabelle Dikovsky\Isabelle Dikovsky\app.js
C:\Users\IzyD\Desktop\Net Fullstack\TypeScript Project\Isabelle Dikovsky\Isabelle Dikovsky\app.js.map
C:\Users\IzyD\Desktop\Net Fullstack\TypeScript Project\Isabelle Dikovsky\Isabelle Dikovsky\app.js
C:\Users\IzyD\Desktop\Net Fullstack\TypeScript Project\Isabelle Dikovsky\Isabelle Dikovsky\app.js.map
C:\Users\IzyD\Desktop\Net Fullstack\TypeScript Project\Isabelle Dikovsky\Isabelle Dikovsky\app.js
C:\Users\IzyD\Desktop\Net Fullstack\TypeScript Project\Isabelle Dikovsky\Isabelle Dikovsky\app.js.map
C:\Users\IzyD\Desktop\Net Fullstack\TypeScript Project\Isabelle Dikovsky\Isabelle Dikovsky\app.js
C:\Users\IzyD\Desktop\Net Fullstack\TypeScript Project\Isabelle Dikovsky\Isabelle Dikovsky\app.js.map
C:\Users\IzyD\Desktop\Net Fullstack\TypeScript Project\Isabelle Dikovsky\Isabelle Dikovsky\app.js
C:\Users\IzyD\Desktop\Net Fullstack\TypeScript Project\Isabelle Dikovsky\Isabelle Dikovsky\app.js.map
C:\Users\IzyD\Desktop\Net Fullstack\TypeScript Project\Isabelle Dikovsky\Isabelle Dikovsky\app.js
C:\Users\IzyD\Desktop\Net Fullstack\TypeScript Project\Isabelle Dikovsky\Isabelle Dikovsky\app.js.map
C:\Users\IzyD\Desktop\Net Fullstack\TypeScript Project\Isabelle Dikovsky\Isabelle Dikovsky\app.js
C:\Users\IzyD\Desktop\Net Fullstack\TypeScript Project\Isabelle Dikovsky\Isabelle Dikovsky\app.js.map
C:\Users\IzyD\Desktop\Net Fullstack\TypeScript Project\Isabelle Dikovsky\Isabelle Dikovsky\app.js
C:\Users\IzyD\Desktop\Net Fullstack\TypeScript Project\Isabelle Dikovsky\Isabelle Dikovsky\app.js.map
C:\Users\IzyD\Desktop\Net Fullstack\TypeScript Project\Isabelle Dikovsky\Isabelle Dikovsky\app.js
C:\Users\IzyD\Desktop\Net Fullstack\TypeScript Project\Isabelle Dikovsky\Isabelle Dikovsky\app.js.map
C:\Users\IzyD\Desktop\Net Fullstack\TypeScript Project\Isabelle Dikovsky\Isabelle Dikovsky\app.js
C:\Users\IzyD\Desktop\Net Fullstack\TypeScript Project\Isabelle Dikovsky\Isabelle Dikovsky\app.js.map
C:\Users\IzyD\Desktop\Net Fullstack\TypeScript Project\Isabelle Dikovsky\Isabelle Dikovsky\app.js
C:\Users\IzyD\Desktop\Net Fullstack\TypeScript Project\Isabelle Dikovsky\Isabelle Dikovsky\app.js.map
C:\Users\IzyD\Desktop\Net Fullstack\TypeScript Project\Isabelle Dikovsky\Isabelle Dikovsky\app.js
C:\Users\IzyD\Desktop\Net Fullstack\TypeScript Project\Isabelle Dikovsky\Isabelle Dikovsky\app.js.map
C:\Users\IzyD\Desktop\Net Fullstack\TypeScript Project\Isabelle Dikovsky\Isabelle Dikovsky\app.js
C:\Users\IzyD\Desktop\Net Fullstack\TypeScript Project\Isabelle Dikovsky\Isabelle Dikovsky\app.js.map
C:\Users\IzyD\Desktop\Net Fullstack\TypeScript Project\Isabelle Dikovsky\Isabelle Dikovsky\app.js
C:\Users\IzyD\Desktop\Net Fullstack\TypeScript Project\Isabelle Dikovsky\Isabelle Dikovsky\app.js.map
C:\Users\IzyD\Desktop\Net Fullstack\TypeScript Project\Isabelle Dikovsky\Isabelle Dikovsky\app.js
C:\Users\IzyD\Desktop\Net Fullstack\TypeScript Project\Isabelle Dikovsky\Isabelle Dikovsky\app.js.map
C:\Users\IzyD\Desktop\Net Fullstack\TypeScript Project\Isabelle Dikovsky\Isabelle Dikovsky\app.js
C:\Users\IzyD\Desktop\Net Fullstack\TypeScript Project\Isabelle Dikovsky\Isabelle Dikovsky\app.js.map
C:\Users\IzyD\Desktop\Net Fullstack\TypeScript Project\Isabelle Dikovsky\Isabelle Dikovsky\app.js
C:\Users\IzyD\Desktop\Net Fullstack\TypeScript Project\Isabelle Dikovsky\Isabelle Dikovsky\app.js.map
C:\Users\IzyD\Desktop\Net Fullstack\TypeScript Project\Isabelle Dikovsky\Isabelle Dikovsky\app.js
C:\Users\IzyD\Desktop\Net Fullstack\TypeScript Project\Isabelle Dikovsky\Isabelle Dikovsky\app.js.map
C:\Users\IzyD\Desktop\Net Fullstack\TypeScript Project\Isabelle Dikovsky\Isabelle Dikovsky\app.js
C:\Users\IzyD\Desktop\Net Fullstack\TypeScript Project\Isabelle Dikovsky\Isabelle Dikovsky\app.js.map
C:\Users\IzyD\Desktop\Net Fullstack\TypeScript Project\Isabelle Dikovsky\Isabelle Dikovsky\app.js
C:\Users\IzyD\Desktop\Net Fullstack\TypeScript Project\Isabelle Dikovsky\Isabelle Dikovsky\app.js.map
C:\Users\IzyD\Desktop\Net Fullstack\TypeScript Project\Isabelle Dikovsky\Isabelle Dikovsky\app.js
C:\Users\IzyD\Desktop\Net Fullstack\TypeScript Project\Isabelle Dikovsky\Isabelle Dikovsky\app.js.map
C:\Users\IzyD\Desktop\Net Fullstack\TypeScript Project\Isabelle Dikovsky\Isabelle Dikovsky\app.js
C:\Users\IzyD\Desktop\Net Fullstack\TypeScript Project\Isabelle Dikovsky\Isabelle Dikovsky\app.js.map
C:\Users\IzyD\Desktop\Net Fullstack\TypeScript Project\Isabelle Dikovsky\Isabelle Dikovsky\app.js
C:\Users\IzyD\Desktop\Net Fullstack\TypeScript Project\Isabelle Dikovsky\Isabelle Dikovsky\app.js.map
C:\Users\IzyD\Desktop\Net Fullstack\TypeScript Project\Isabelle Dikovsky\Isabelle Dikovsky\app.js
C:\Users\IzyD\Desktop\Net Fullstack\TypeScript Project\Isabelle Dikovsky\Isabelle Dikovsky\app.js.map
C:\Users\IzyD\Desktop\Net Fullstack\TypeScript Project\Isabelle Dikovsky\Isabelle Dikovsky\app.js
C:\Users\IzyD\Desktop\Net Fullstack\TypeScript Project\Isabelle Dikovsky\Isabelle Dikovsky\app.js.map
C:\Users\IzyD\Desktop\Net Fullstack\TypeScript Project\Isabelle Dikovsky\Isabelle Dikovsky\app.js
C:\Users\IzyD\Desktop\Net Fullstack\TypeScript Project\Isabelle Dikovsky\Isabelle Dikovsky\app.js.map
C:\Users\IzyD\Desktop\Net Fullstack\TypeScript Project\Isabelle Dikovsky\Isabelle Dikovsky\app.js
C:\Users\IzyD\Desktop\Net Fullstack\TypeScript Project\Isabelle Dikovsky\Isabelle Dikovsky\app.js.map
C:\Users\IzyD\Desktop\Net Fullstack\TypeScript Project\Isabelle Dikovsky\Isabelle Dikovsky\app.js
C:\Users\IzyD\Desktop\Net Fullstack\TypeScript Project\Isabelle Dikovsky\Isabelle Dikovsky\app.js.map
D:\Net Fullstack\TypeScript Project\Isabelle Dikovsky - Copy\Isabelle Dikovsky\app.js
D:\Net Fullstack\TypeScript Project\Isabelle Dikovsky - Copy\Isabelle Dikovsky\app.js.map
D:\Net Fullstack\TypeScript Project\Isabelle Dikovsky - Copy\Isabelle Dikovsky\app.js
D:\Net Fullstack\TypeScript Project\Isabelle Dikovsky - Copy\Isabelle Dikovsky\app.js.map
D:\Net Fullstack\TypeScript Project\Isabelle Dikovsky - Copy\Isabelle Dikovsky\app.js
D:\Net Fullstack\TypeScript Project\Isabelle Dikovsky - Copy\Isabelle Dikovsky\app.js.map
